<?xml version="1.0" encoding="UTF-8"?>
<testsuite name="adsjava.AdsJavaApplicationTests" tests="1" skipped="0" failures="0" errors="0" timestamp="2024-10-29T23:05:29" hostname="COMP-H545JXXWPH" time="0.164">
  <properties/>
  <testcase name="contextLoads()" classname="adsjava.AdsJavaApplicationTests" time="0.164"/>
  <system-out><![CDATA[16:05:28.323 [Test worker] DEBUG org.springframework.test.context.BootstrapUtils - Instantiating CacheAwareContextLoaderDelegate from class [org.springframework.test.context.cache.DefaultCacheAwareContextLoaderDelegate]
16:05:28.329 [Test worker] DEBUG org.springframework.test.context.BootstrapUtils - Instantiating BootstrapContext using constructor [public org.springframework.test.context.support.DefaultBootstrapContext(java.lang.Class,org.springframework.test.context.CacheAwareContextLoaderDelegate)]
16:05:28.348 [Test worker] DEBUG org.springframework.test.context.BootstrapUtils - Instantiating TestContextBootstrapper for test class [adsjava.AdsJavaApplicationTests] from class [org.springframework.boot.test.context.SpringBootTestContextBootstrapper]
16:05:28.353 [Test worker] INFO org.springframework.boot.test.context.SpringBootTestContextBootstrapper - Neither @ContextConfiguration nor @ContextHierarchy found for test class [adsjava.AdsJavaApplicationTests], using SpringBootContextLoader
16:05:28.355 [Test worker] DEBUG org.springframework.test.context.support.AbstractContextLoader - Did not detect default resource location for test class [adsjava.AdsJavaApplicationTests]: class path resource [adsjava/AdsJavaApplicationTests-context.xml] does not exist
16:05:28.355 [Test worker] DEBUG org.springframework.test.context.support.AbstractContextLoader - Did not detect default resource location for test class [adsjava.AdsJavaApplicationTests]: class path resource [adsjava/AdsJavaApplicationTestsContext.groovy] does not exist
16:05:28.355 [Test worker] INFO org.springframework.test.context.support.AbstractContextLoader - Could not detect default resource locations for test class [adsjava.AdsJavaApplicationTests]: no resource found for suffixes {-context.xml, Context.groovy}.
16:05:28.355 [Test worker] INFO org.springframework.test.context.support.AnnotationConfigContextLoaderUtils - Could not detect default configuration classes for test class [adsjava.AdsJavaApplicationTests]: AdsJavaApplicationTests does not declare any static, non-private, non-final, nested classes annotated with @Configuration.
16:05:28.375 [Test worker] DEBUG org.springframework.test.context.support.ActiveProfilesUtils - Could not find an 'annotation declaring class' for annotation type [org.springframework.test.context.ActiveProfiles] and class [adsjava.AdsJavaApplicationTests]
16:05:28.409 [Test worker] DEBUG org.springframework.context.annotation.ClassPathScanningCandidateComponentProvider - Identified candidate component class: file [/Users/nik.stern/go/src/github.com/DataDog/storedog/services/ads/java/build/classes/java/main/adsjava/AdsJavaApplication.class]
16:05:28.410 [Test worker] INFO org.springframework.boot.test.context.SpringBootTestContextBootstrapper - Found @SpringBootConfiguration adsjava.AdsJavaApplication for test class adsjava.AdsJavaApplicationTests
16:05:28.446 [Test worker] DEBUG org.springframework.boot.test.context.SpringBootTestContextBootstrapper - @TestExecutionListeners is not present for class [adsjava.AdsJavaApplicationTests]: using defaults.
16:05:28.446 [Test worker] INFO org.springframework.boot.test.context.SpringBootTestContextBootstrapper - Loaded default TestExecutionListener class names from location [META-INF/spring.factories]: [org.springframework.boot.test.autoconfigure.restdocs.RestDocsTestExecutionListener, org.springframework.boot.test.autoconfigure.web.client.MockRestServiceServerResetTestExecutionListener, org.springframework.boot.test.autoconfigure.web.servlet.MockMvcPrintOnlyOnFailureTestExecutionListener, org.springframework.boot.test.autoconfigure.web.servlet.WebDriverTestExecutionListener, org.springframework.boot.test.autoconfigure.webservices.client.MockWebServiceServerTestExecutionListener, org.springframework.boot.test.mock.mockito.MockitoTestExecutionListener, org.springframework.boot.test.mock.mockito.ResetMocksTestExecutionListener, org.springframework.test.context.web.ServletTestExecutionListener, org.springframework.test.context.support.DirtiesContextBeforeModesTestExecutionListener, org.springframework.test.context.event.ApplicationEventsTestExecutionListener, org.springframework.test.context.support.DependencyInjectionTestExecutionListener, org.springframework.test.context.support.DirtiesContextTestExecutionListener, org.springframework.test.context.transaction.TransactionalTestExecutionListener, org.springframework.test.context.jdbc.SqlScriptsTestExecutionListener, org.springframework.test.context.event.EventPublishingTestExecutionListener]
16:05:28.452 [Test worker] DEBUG org.springframework.boot.test.context.SpringBootTestContextBootstrapper - Skipping candidate TestExecutionListener [org.springframework.test.context.transaction.TransactionalTestExecutionListener] due to a missing dependency. Specify custom listener classes or make the default listener classes and their required dependencies available. Offending class: [org/springframework/transaction/TransactionDefinition]
16:05:28.452 [Test worker] DEBUG org.springframework.boot.test.context.SpringBootTestContextBootstrapper - Skipping candidate TestExecutionListener [org.springframework.test.context.jdbc.SqlScriptsTestExecutionListener] due to a missing dependency. Specify custom listener classes or make the default listener classes and their required dependencies available. Offending class: [org/springframework/transaction/interceptor/TransactionAttribute]
16:05:28.452 [Test worker] INFO org.springframework.boot.test.context.SpringBootTestContextBootstrapper - Using TestExecutionListeners: [org.springframework.test.context.web.ServletTestExecutionListener@5ed731d0, org.springframework.test.context.support.DirtiesContextBeforeModesTestExecutionListener@3234f74e, org.springframework.test.context.event.ApplicationEventsTestExecutionListener@7bc10d84, org.springframework.boot.test.mock.mockito.MockitoTestExecutionListener@275fe372, org.springframework.boot.test.autoconfigure.SpringBootDependencyInjectionTestExecutionListener@40e10ff8, org.springframework.test.context.support.DirtiesContextTestExecutionListener@557a1e2d, org.springframework.test.context.event.EventPublishingTestExecutionListener@26a4842b, org.springframework.boot.test.autoconfigure.restdocs.RestDocsTestExecutionListener@7e38a7fe, org.springframework.boot.test.autoconfigure.web.client.MockRestServiceServerResetTestExecutionListener@366ef90e, org.springframework.boot.test.autoconfigure.web.servlet.MockMvcPrintOnlyOnFailureTestExecutionListener@33e01298, org.springframework.boot.test.autoconfigure.web.servlet.WebDriverTestExecutionListener@31e75d13, org.springframework.boot.test.autoconfigure.webservices.client.MockWebServiceServerTestExecutionListener@a5b0b86, org.springframework.boot.test.mock.mockito.ResetMocksTestExecutionListener@4b3c354a]
16:05:28.454 [Test worker] DEBUG org.springframework.test.context.support.AbstractDirtiesContextTestExecutionListener - Before test class: context [DefaultTestContext@5b408dc3 testClass = AdsJavaApplicationTests, testInstance = [null], testMethod = [null], testException = [null], mergedContextConfiguration = [WebMergedContextConfiguration@4d098f9b testClass = AdsJavaApplicationTests, locations = '{}', classes = '{class adsjava.AdsJavaApplication}', contextInitializerClasses = '[]', activeProfiles = '{}', propertySourceLocations = '{}', propertySourceProperties = '{org.springframework.boot.test.context.SpringBootTestContextBootstrapper=true}', contextCustomizers = set[org.springframework.boot.test.autoconfigure.actuate.metrics.MetricsExportContextCustomizerFactory$DisableMetricExportContextCustomizer@a4add54, org.springframework.boot.test.autoconfigure.properties.PropertyMappingContextCustomizer@0, org.springframework.boot.test.autoconfigure.web.servlet.WebDriverContextCustomizerFactory$Customizer@39de3d36, org.springframework.boot.test.context.filter.ExcludeFilterContextCustomizer@58326051, org.springframework.boot.test.json.DuplicateJsonObjectContextCustomizerFactory$DuplicateJsonObjectContextCustomizer@598bd2ba, org.springframework.boot.test.mock.mockito.MockitoContextCustomizer@0, org.springframework.boot.test.web.client.TestRestTemplateContextCustomizer@7331196b, org.springframework.boot.test.context.SpringBootTestArgs@1, org.springframework.boot.test.context.SpringBootTestWebEnvironment@3541cb24], resourceBasePath = 'src/main/webapp', contextLoader = 'org.springframework.boot.test.context.SpringBootContextLoader', parent = [null]], attributes = map['org.springframework.test.context.web.ServletTestExecutionListener.activateListener' -> true]], class annotated with @DirtiesContext [false] with mode [null].

  .   ____          _            __ _ _
 /\\ / ___'_ __ _ _(_)_ __  __ _ \ \ \ \
( ( )\___ | '_ | '_| | '_ \/ _` | \ \ \ \
 \\/  ___)| |_)| | | | | || (_| |  ) ) ) )
  '  |____| .__|_| |_|_| |_\__, | / / / /
 =========|_|==============|___/=/_/_/_/
 :: Spring Boot ::                (v2.7.5)

{"@timestamp":"2024-10-29T16:05:28.706-07:00","@version":"1","message":"Starting AdsJavaApplicationTests using Java 17.0.8 on COMP-H545JXXWPH with PID 94932 (started by nik.stern in /Users/nik.stern/go/src/github.com/DataDog/storedog/services/ads/java)","logger_name":"adsjava.AdsJavaApplicationTests","thread_name":"Test worker","level":"INFO","level_value":20000}
{"@timestamp":"2024-10-29T16:05:28.709-07:00","@version":"1","message":"No active profile set, falling back to 1 default profile: \"default\"","logger_name":"adsjava.AdsJavaApplicationTests","thread_name":"Test worker","level":"INFO","level_value":20000}
{"@timestamp":"2024-10-29T16:05:29.354-07:00","@version":"1","message":"Started AdsJavaApplicationTests in 0.884 seconds (JVM running for 1.391)","logger_name":"adsjava.AdsJavaApplicationTests","thread_name":"Test worker","level":"INFO","level_value":20000}
]]></system-out>
  <system-err><![CDATA[]]></system-err>
</testsuite>
